<?xml version="1.0" encoding="UTF-8"?>
<!-- Generated by org.testng.reporters.JUnitReportReporter -->
<testsuite hostname="Admin-PC" name="com.aeps.testscript.EbayLogin" tests="1" failures="0" timestamp="22 Dec 2016 14:06:46 GMT" time="2.891" errors="0">
  <testcase name="VerifyLoginValidation" time="2.891" classname="com.aeps.testscript.EbayLogin"/>
</testsuite> <!-- com.aeps.testscript.EbayLogin -->
