<?xml version="1.0" encoding="UTF-8"?>
<!-- Generated by org.testng.reporters.JUnitReportReporter -->
<testsuite name="com.aeps.testscript.AddToCart" tests="1" time="58.934" ignored="0" failures="0" timestamp="26 Dec 2016 18:08:47 GMT" skipped="0" hostname="Admin-PC" errors="0">
  <testcase name="VerifyLoginSuccess" time="58.934" classname="com.aeps.testscript.AddToCart"/>
</testsuite> <!-- com.aeps.testscript.AddToCart -->
