<?xml version="1.0" encoding="UTF-8"?>
<!-- Generated by org.testng.reporters.JUnitReportReporter -->
<testsuite name="com.aeps.testscript.InValidLoginVallidation" tests="1" time="4.096" ignored="0" failures="0" timestamp="26 Dec 2016 18:01:32 GMT" skipped="0" hostname="Admin-PC" errors="0">
  <testcase name="VerifyLoginValidation" time="4.096" classname="com.aeps.testscript.InValidLoginVallidation"/>
</testsuite> <!-- com.aeps.testscript.InValidLoginVallidation -->
