<?xml version="1.0" encoding="UTF-8"?>
<!-- Generated by org.testng.reporters.JUnitReportReporter -->
<testsuite hostname="Admin-PC" name="com.aeps.testscript.LoginFlipKart" tests="1" failures="0" timestamp="23 Dec 2016 02:01:04 GMT" time="5.994" errors="0">
  <testcase name="VerifyLoginSuccess" time="5.994" classname="com.aeps.testscript.LoginFlipKart"/>
</testsuite> <!-- com.aeps.testscript.LoginFlipKart -->
