<?xml version="1.0" encoding="UTF-8"?>
<!-- Generated by org.testng.reporters.JUnitReportReporter -->
<testsuite name="com.aeps.dataprovider.DataProviders" tests="4" time="0.116" ignored="0" failures="0" timestamp="30 Dec 2016 16:26:37 GMT" skipped="0" hostname="karthickmasan" errors="0">
  <testcase name="testData" time="0.011" classname="com.aeps.dataprovider.DataProviders"/>
  <testcase name="testData" time="0.007" classname="com.aeps.dataprovider.DataProviders"/>
  <testcase name="testData" time="0.093" classname="com.aeps.dataprovider.DataProviders"/>
  <testcase name="testData" time="0.005" classname="com.aeps.dataprovider.DataProviders"/>
</testsuite> <!-- com.aeps.dataprovider.DataProviders -->
