<?xml version="1.0" encoding="UTF-8"?>
<!-- Generated by org.testng.reporters.JUnitReportReporter -->
<testsuite name="com.aeps.testscript.LoginInAEPS" tests="1" time="16.874" ignored="0" failures="0" timestamp="26 Dec 2016 17:58:25 GMT" skipped="0" hostname="Admin-PC" errors="0">
  <testcase name="VerifyLoginSuccess" time="16.874" classname="com.aeps.testscript.LoginInAEPS"/>
</testsuite> <!-- com.aeps.testscript.LoginInAEPS -->
